This is pdfTeX, Version 3.14159265-2.6-1.40.18 (MiKTeX 2.9.6500 64-bit) (preloaded format=pdflatex 2018.1.28)  6 SEP 2019 09:23
entering extended mode
**./main.tex
(main.tex
LaTeX2e <2017-04-15>
Babel <3.15> and hyphenation patterns for 75 language(s) loaded.
("C:\Program Files\MiKTeX 2.9\tex\latex\base\article.cls"
Document Class: article 2014/09/29 v1.4h Standard LaTeX document class
("C:\Program Files\MiKTeX 2.9\tex\latex\base\size12.clo"
File: size12.clo 2014/09/29 v1.4h Standard LaTeX file (size option)
)
\c@part=\count79
\c@section=\count80
\c@subsection=\count81
\c@subsubsection=\count82
\c@paragraph=\count83
\c@subparagraph=\count84
\c@figure=\count85
\c@table=\count86
\abovecaptionskip=\skip41
\belowcaptionskip=\skip42
\bibindent=\dimen102
)
("C:\Program Files\MiKTeX 2.9\tex\latex\graphics\graphicx.sty"
Package: graphicx 2017/06/01 v1.1a Enhanced LaTeX Graphics (DPC,SPQR)

("C:\Program Files\MiKTeX 2.9\tex\latex\graphics\keyval.sty"
Package: keyval 2014/10/28 v1.15 key=value parser (DPC)
\KV@toks@=\toks14
)
("C:\Program Files\MiKTeX 2.9\tex\latex\graphics\graphics.sty"
Package: graphics 2017/06/25 v1.2c Standard LaTeX Graphics (DPC,SPQR)

("C:\Program Files\MiKTeX 2.9\tex\latex\graphics\trig.sty"
Package: trig 2016/01/03 v1.10 sin cos tan (DPC)
)
("C:\Program Files\MiKTeX 2.9\tex\latex\graphics-cfg\graphics.cfg"
File: graphics.cfg 2016/06/04 v1.11 sample graphics configuration
)
Package graphics Info: Driver file: pdftex.def on input line 99.

("C:\Program Files\MiKTeX 2.9\tex\latex\graphics-def\pdftex.def"
File: pdftex.def 2017/06/24 v1.0g Graphics/color driver for pdftex
))
\Gin@req@height=\dimen103
\Gin@req@width=\dimen104
)
("C:\Program Files\MiKTeX 2.9\tex\latex\base\fontenc.sty"
Package: fontenc 2017/04/05 v2.0i Standard LaTeX package

("C:\Program Files\MiKTeX 2.9\tex\latex\base\t1enc.def"
File: t1enc.def 2017/04/05 v2.0i Standard LaTeX file
LaTeX Font Info:    Redeclaring font encoding T1 on input line 48.
))
("C:\Program Files\MiKTeX 2.9\tex\latex\ltxmisc\parskip.sty"
Package: parskip 2001/04/09 non-zero parskip adjustments
)
("C:\Program Files\MiKTeX 2.9\tex\latex\amsmath\amsmath.sty"
Package: amsmath 2017/09/02 v2.17a AMS math features
\@mathmargin=\skip43

For additional information on amsmath, use the `?' option.
("C:\Program Files\MiKTeX 2.9\tex\latex\amsmath\amstext.sty"
Package: amstext 2000/06/29 v2.01 AMS text

("C:\Program Files\MiKTeX 2.9\tex\latex\amsmath\amsgen.sty"
File: amsgen.sty 1999/11/30 v2.0 generic functions
\@emptytoks=\toks15
\ex@=\dimen105
))
("C:\Program Files\MiKTeX 2.9\tex\latex\amsmath\amsbsy.sty"
Package: amsbsy 1999/11/29 v1.2d Bold Symbols
\pmbraise@=\dimen106
)
("C:\Program Files\MiKTeX 2.9\tex\latex\amsmath\amsopn.sty"
Package: amsopn 2016/03/08 v2.02 operator names
)
\inf@bad=\count87
LaTeX Info: Redefining \frac on input line 213.
\uproot@=\count88
\leftroot@=\count89
LaTeX Info: Redefining \overline on input line 375.
\classnum@=\count90
\DOTSCASE@=\count91
LaTeX Info: Redefining \ldots on input line 472.
LaTeX Info: Redefining \dots on input line 475.
LaTeX Info: Redefining \cdots on input line 596.
\Mathstrutbox@=\box26
\strutbox@=\box27
\big@size=\dimen107
LaTeX Font Info:    Redeclaring font encoding OML on input line 712.
LaTeX Font Info:    Redeclaring font encoding OMS on input line 713.
\macc@depth=\count92
\c@MaxMatrixCols=\count93
\dotsspace@=\muskip10
\c@parentequation=\count94
\dspbrk@lvl=\count95
\tag@help=\toks16
\row@=\count96
\column@=\count97
\maxfields@=\count98
\andhelp@=\toks17
\eqnshift@=\dimen108
\alignsep@=\dimen109
\tagshift@=\dimen110
\tagwidth@=\dimen111
\totwidth@=\dimen112
\lineht@=\dimen113
\@envbody=\toks18
\multlinegap=\skip44
\multlinetaggap=\skip45
\mathdisplay@stack=\toks19
LaTeX Info: Redefining \[ on input line 2817.
LaTeX Info: Redefining \] on input line 2818.
)
("C:\Program Files\MiKTeX 2.9\tex\latex\amsfonts\amssymb.sty"
Package: amssymb 2013/01/14 v3.01 AMS font symbols

("C:\Program Files\MiKTeX 2.9\tex\latex\amsfonts\amsfonts.sty"
Package: amsfonts 2013/01/14 v3.01 Basic AMSFonts support
\symAMSa=\mathgroup4
\symAMSb=\mathgroup5
LaTeX Font Info:    Overwriting math alphabet `\mathfrak' in version `bold'
(Font)                  U/euf/m/n --> U/euf/b/n on input line 106.
))
("C:\Program Files\MiKTeX 2.9\tex\latex\float\float.sty"
Package: float 2001/11/08 v1.3d Float enhancements (AL)
\c@float@type=\count99
\float@exts=\toks20
\float@box=\box28
\@float@everytoks=\toks21
\@floatcapt=\box29
)
(C:\Users\Cal\AppData\Roaming\MiKTeX\2.9\tex\latex\caption\caption.sty
Package: caption 2018/10/06 v3.3-154 Customizing captions (AR)

(C:\Users\Cal\AppData\Roaming\MiKTeX\2.9\tex\latex\caption\caption3.sty
Package: caption3 2018/09/12 v1.8c caption3 kernel (AR)
Package caption3 Info: TeX engine: e-TeX on input line 64.
\captionmargin=\dimen114
\captionmargin@=\dimen115
\captionwidth=\dimen116
\caption@tempdima=\dimen117
\caption@indent=\dimen118
\caption@parindent=\dimen119
\caption@hangindent=\dimen120
)
\c@caption@flags=\count100
\c@ContinuedFloat=\count101
Package caption Info: float package is loaded.
)
(C:\Users\Cal\AppData\Roaming\MiKTeX\2.9\tex\latex\algorithms\algorithm.sty
Package: algorithm 2009/08/24 v0.1 Document Style `algorithm' - floating enviro
nment

("C:\Program Files\MiKTeX 2.9\tex\latex\base\ifthen.sty"
Package: ifthen 2014/09/29 v1.1c Standard LaTeX ifthen package (DPC)
)
\@float@every@algorithm=\toks22
\c@algorithm=\count102
)
(C:\Users\Cal\AppData\Roaming\MiKTeX\2.9\tex\latex\algorithms\algorithmic.sty
Package: algorithmic 2009/08/24 v0.1 Document Style `algorithmic'
\c@ALC@unique=\count103
\c@ALC@line=\count104
\c@ALC@rem=\count105
\c@ALC@depth=\count106
\ALC@tlm=\skip46
\algorithmicindent=\skip47
)
(C:\Users\Cal\AppData\Roaming\MiKTeX\2.9\tex\latex\setspace\setspace.sty
Package: setspace 2011/12/19 v6.7a set line spacing
)
(C:\Users\Cal\AppData\Roaming\MiKTeX\2.9\tex\latex\natbib\natbib.sty
Package: natbib 2010/09/13 8.31b (PWD, AO)
\bibhang=\skip48
\bibsep=\skip49
LaTeX Info: Redefining \cite on input line 694.
\c@NAT@ctr=\count107
)
(C:\Users\Cal\AppData\Roaming\MiKTeX\2.9\tex\latex\xcolor\xcolor.sty
Package: xcolor 2016/05/11 v2.12 LaTeX color extensions (UK)

("C:\Program Files\MiKTeX 2.9\tex\latex\graphics-cfg\color.cfg"
File: color.cfg 2016/01/02 v1.6 sample color configuration
)
Package xcolor Info: Driver file: pdftex.def on input line 225.
Package xcolor Info: Model `cmy' substituted by `cmy0' on input line 1348.
Package xcolor Info: Model `hsb' substituted by `rgb' on input line 1352.
Package xcolor Info: Model `RGB' extended on input line 1364.
Package xcolor Info: Model `HTML' substituted by `rgb' on input line 1366.
Package xcolor Info: Model `Hsb' substituted by `hsb' on input line 1367.
Package xcolor Info: Model `tHsb' substituted by `hsb' on input line 1368.
Package xcolor Info: Model `HSB' substituted by `hsb' on input line 1369.
Package xcolor Info: Model `Gray' substituted by `gray' on input line 1370.
Package xcolor Info: Model `wave' substituted by `hsb' on input line 1371.
)
("C:\Program Files\MiKTeX 2.9\tex\latex\psnfss\times.sty"
Package: times 2005/04/12 PSNFSS-v9.2a (SPQR) 
)
(C:\Users\Cal\AppData\Roaming\MiKTeX\2.9\tex\latex\inconsolata\zi4.sty
Package: zi4 2019/05/17 v1.12

`inconsolata-zi4' v1.12, 2019/05/17 Text macros for Inconsolata (msharpe)
("C:\Program Files\MiKTeX 2.9\tex\latex\base\textcomp.sty"
Package: textcomp 2017/04/05 v2.0i Standard LaTeX package
Package textcomp Info: Sub-encoding information:
(textcomp)               5 = only ISO-Adobe without \textcurrency
(textcomp)               4 = 5 + \texteuro
(textcomp)               3 = 4 + \textohm
(textcomp)               2 = 3 + \textestimated + \textcurrency
(textcomp)               1 = TS1 - \textcircled - \t
(textcomp)               0 = TS1 (full)
(textcomp)             Font families with sub-encoding setting implement
(textcomp)             only a restricted character set as indicated.
(textcomp)             Family '?' is the default used for unknown fonts.
(textcomp)             See the documentation for details.
Package textcomp Info: Setting ? sub-encoding to TS1/1 on input line 79.

("C:\Program Files\MiKTeX 2.9\tex\latex\base\ts1enc.def"
File: ts1enc.def 2001/06/05 v3.0e (jk/car/fm) Standard LaTeX file
)
LaTeX Info: Redefining \oldstylenums on input line 334.
Package textcomp Info: Setting cmr sub-encoding to TS1/0 on input line 349.
Package textcomp Info: Setting cmss sub-encoding to TS1/0 on input line 350.
Package textcomp Info: Setting cmtt sub-encoding to TS1/0 on input line 351.
Package textcomp Info: Setting cmvtt sub-encoding to TS1/0 on input line 352.
Package textcomp Info: Setting cmbr sub-encoding to TS1/0 on input line 353.
Package textcomp Info: Setting cmtl sub-encoding to TS1/0 on input line 354.
Package textcomp Info: Setting ccr sub-encoding to TS1/0 on input line 355.
Package textcomp Info: Setting ptm sub-encoding to TS1/4 on input line 356.
Package textcomp Info: Setting pcr sub-encoding to TS1/4 on input line 357.
Package textcomp Info: Setting phv sub-encoding to TS1/4 on input line 358.
Package textcomp Info: Setting ppl sub-encoding to TS1/3 on input line 359.
Package textcomp Info: Setting pag sub-encoding to TS1/4 on input line 360.
Package textcomp Info: Setting pbk sub-encoding to TS1/4 on input line 361.
Package textcomp Info: Setting pnc sub-encoding to TS1/4 on input line 362.
Package textcomp Info: Setting pzc sub-encoding to TS1/4 on input line 363.
Package textcomp Info: Setting bch sub-encoding to TS1/4 on input line 364.
Package textcomp Info: Setting put sub-encoding to TS1/5 on input line 365.
Package textcomp Info: Setting uag sub-encoding to TS1/5 on input line 366.
Package textcomp Info: Setting ugq sub-encoding to TS1/5 on input line 367.
Package textcomp Info: Setting ul8 sub-encoding to TS1/4 on input line 368.
Package textcomp Info: Setting ul9 sub-encoding to TS1/4 on input line 369.
Package textcomp Info: Setting augie sub-encoding to TS1/5 on input line 370.
Package textcomp Info: Setting dayrom sub-encoding to TS1/3 on input line 371.
Package textcomp Info: Setting dayroms sub-encoding to TS1/3 on input line 372.

Package textcomp Info: Setting pxr sub-encoding to TS1/0 on input line 373.
Package textcomp Info: Setting pxss sub-encoding to TS1/0 on input line 374.
Package textcomp Info: Setting pxtt sub-encoding to TS1/0 on input line 375.
Package textcomp Info: Setting txr sub-encoding to TS1/0 on input line 376.
Package textcomp Info: Setting txss sub-encoding to TS1/0 on input line 377.
Package textcomp Info: Setting txtt sub-encoding to TS1/0 on input line 378.
Package textcomp Info: Setting lmr sub-encoding to TS1/0 on input line 379.
Package textcomp Info: Setting lmdh sub-encoding to TS1/0 on input line 380.
Package textcomp Info: Setting lmss sub-encoding to TS1/0 on input line 381.
Package textcomp Info: Setting lmssq sub-encoding to TS1/0 on input line 382.
Package textcomp Info: Setting lmvtt sub-encoding to TS1/0 on input line 383.
Package textcomp Info: Setting lmtt sub-encoding to TS1/0 on input line 384.
Package textcomp Info: Setting qhv sub-encoding to TS1/0 on input line 385.
Package textcomp Info: Setting qag sub-encoding to TS1/0 on input line 386.
Package textcomp Info: Setting qbk sub-encoding to TS1/0 on input line 387.
Package textcomp Info: Setting qcr sub-encoding to TS1/0 on input line 388.
Package textcomp Info: Setting qcs sub-encoding to TS1/0 on input line 389.
Package textcomp Info: Setting qpl sub-encoding to TS1/0 on input line 390.
Package textcomp Info: Setting qtm sub-encoding to TS1/0 on input line 391.
Package textcomp Info: Setting qzc sub-encoding to TS1/0 on input line 392.
Package textcomp Info: Setting qhvc sub-encoding to TS1/0 on input line 393.
Package textcomp Info: Setting futs sub-encoding to TS1/4 on input line 394.
Package textcomp Info: Setting futx sub-encoding to TS1/4 on input line 395.
Package textcomp Info: Setting futj sub-encoding to TS1/4 on input line 396.
Package textcomp Info: Setting hlh sub-encoding to TS1/3 on input line 397.
Package textcomp Info: Setting hls sub-encoding to TS1/3 on input line 398.
Package textcomp Info: Setting hlst sub-encoding to TS1/3 on input line 399.
Package textcomp Info: Setting hlct sub-encoding to TS1/5 on input line 400.
Package textcomp Info: Setting hlx sub-encoding to TS1/5 on input line 401.
Package textcomp Info: Setting hlce sub-encoding to TS1/5 on input line 402.
Package textcomp Info: Setting hlcn sub-encoding to TS1/5 on input line 403.
Package textcomp Info: Setting hlcw sub-encoding to TS1/5 on input line 404.
Package textcomp Info: Setting hlcf sub-encoding to TS1/5 on input line 405.
Package textcomp Info: Setting pplx sub-encoding to TS1/3 on input line 406.
Package textcomp Info: Setting pplj sub-encoding to TS1/3 on input line 407.
Package textcomp Info: Setting ptmx sub-encoding to TS1/4 on input line 408.
Package textcomp Info: Setting ptmj sub-encoding to TS1/4 on input line 409.
)
("C:\Program Files\MiKTeX 2.9\tex\latex\xkeyval\xkeyval.sty"
Package: xkeyval 2014/12/03 v2.7a package option processing (HA)

("C:\Program Files\MiKTeX 2.9\tex\generic\xkeyval\xkeyval.tex"
("C:\Program Files\MiKTeX 2.9\tex\generic\xkeyval\xkvutils.tex"
\XKV@toks=\toks23
\XKV@tempa@toks=\toks24
)
\XKV@depth=\count108
File: xkeyval.tex 2014/12/03 v2.7a key=value parser (HA)
))
\zifour@ocount=\count109
)
("C:\Program Files\MiKTeX 2.9\tex\latex\geometry\geometry.sty"
Package: geometry 2010/09/12 v5.6 Page Geometry

("C:\Program Files\MiKTeX 2.9\tex\generic\oberdiek\ifpdf.sty"
Package: ifpdf 2017/03/15 v3.2 Provides the ifpdf switch
)
("C:\Program Files\MiKTeX 2.9\tex\generic\oberdiek\ifvtex.sty"
Package: ifvtex 2016/05/16 v1.6 Detect VTeX and its facilities (HO)
Package ifvtex Info: VTeX not detected.
)
("C:\Program Files\MiKTeX 2.9\tex\generic\ifxetex\ifxetex.sty"
Package: ifxetex 2010/09/12 v0.6 Provides ifxetex conditional
)
\Gm@cnth=\count110
\Gm@cntv=\count111
\c@Gm@tempcnt=\count112
\Gm@bindingoffset=\dimen121
\Gm@wd@mp=\dimen122
\Gm@odd@mp=\dimen123
\Gm@even@mp=\dimen124
\Gm@layoutwidth=\dimen125
\Gm@layoutheight=\dimen126
\Gm@layouthoffset=\dimen127
\Gm@layoutvoffset=\dimen128
\Gm@dimlist=\toks25

("C:\Program Files\MiKTeX 2.9\tex\latex\geometry\geometry.cfg"))
("C:\Program Files\MiKTeX 2.9\tex\latex\hyperref\hyperref.sty"
Package: hyperref 2017/03/14 v6.85a Hypertext links for LaTeX

("C:\Program Files\MiKTeX 2.9\tex\generic\oberdiek\hobsub-hyperref.sty"
Package: hobsub-hyperref 2016/05/16 v1.14 Bundle oberdiek, subset hyperref (HO)


("C:\Program Files\MiKTeX 2.9\tex\generic\oberdiek\hobsub-generic.sty"
Package: hobsub-generic 2016/05/16 v1.14 Bundle oberdiek, subset generic (HO)
Package: hobsub 2016/05/16 v1.14 Construct package bundles (HO)
Package: infwarerr 2016/05/16 v1.4 Providing info/warning/error messages (HO)
Package: ltxcmds 2016/05/16 v1.23 LaTeX kernel commands for general use (HO)
Package: ifluatex 2016/05/16 v1.4 Provides the ifluatex switch (HO)
Package ifluatex Info: LuaTeX not detected.
Package hobsub Info: Skipping package `ifvtex' (already loaded).
Package: intcalc 2016/05/16 v1.2 Expandable calculations with integers (HO)
Package hobsub Info: Skipping package `ifpdf' (already loaded).
Package: etexcmds 2016/05/16 v1.6 Avoid name clashes with e-TeX commands (HO)
Package etexcmds Info: Could not find \expanded.
(etexcmds)             That can mean that you are not using pdfTeX 1.50 or
(etexcmds)             that some package has redefined \expanded.
(etexcmds)             In the latter case, load this package earlier.
Package: kvsetkeys 2016/05/16 v1.17 Key value parser (HO)
Package: kvdefinekeys 2016/05/16 v1.4 Define keys (HO)
Package: pdftexcmds 2017/03/19 v0.25 Utility functions of pdfTeX for LuaTeX (HO
)
Package pdftexcmds Info: LuaTeX not detected.
Package pdftexcmds Info: \pdf@primitive is available.
Package pdftexcmds Info: \pdf@ifprimitive is available.
Package pdftexcmds Info: \pdfdraftmode found.
Package: pdfescape 2016/05/16 v1.14 Implements pdfTeX's escape features (HO)
Package: bigintcalc 2016/05/16 v1.4 Expandable calculations on big integers (HO
)
Package: bitset 2016/05/16 v1.2 Handle bit-vector datatype (HO)
Package: uniquecounter 2016/05/16 v1.3 Provide unlimited unique counter (HO)
)
Package hobsub Info: Skipping package `hobsub' (already loaded).
Package: letltxmacro 2016/05/16 v1.5 Let assignment for LaTeX macros (HO)
Package: hopatch 2016/05/16 v1.3 Wrapper for package hooks (HO)
Package: xcolor-patch 2016/05/16 xcolor patch
Package: atveryend 2016/05/16 v1.9 Hooks at the very end of document (HO)
Package atveryend Info: \enddocument detected (standard20110627).
Package: atbegshi 2016/06/09 v1.18 At begin shipout hook (HO)
Package: refcount 2016/05/16 v3.5 Data extraction from label references (HO)
Package: hycolor 2016/05/16 v1.8 Color options for hyperref/bookmark (HO)
)
("C:\Program Files\MiKTeX 2.9\tex\latex\oberdiek\auxhook.sty"
Package: auxhook 2016/05/16 v1.4 Hooks for auxiliary files (HO)
)
("C:\Program Files\MiKTeX 2.9\tex\latex\oberdiek\kvoptions.sty"
Package: kvoptions 2016/05/16 v3.12 Key value format for package options (HO)
)
\@linkdim=\dimen129
\Hy@linkcounter=\count113
\Hy@pagecounter=\count114

("C:\Program Files\MiKTeX 2.9\tex\latex\hyperref\pd1enc.def"
File: pd1enc.def 2017/03/14 v6.85a Hyperref: PDFDocEncoding definition (HO)
)
\Hy@SavedSpaceFactor=\count115

("C:\Program Files\MiKTeX 2.9\tex\latex\00miktex\hyperref.cfg"
File: hyperref.cfg 2002/06/06 v1.2 hyperref configuration of TeXLive
)
Package hyperref Info: Hyper figures OFF on input line 4498.
Package hyperref Info: Link nesting OFF on input line 4503.
Package hyperref Info: Hyper index ON on input line 4506.
Package hyperref Info: Plain pages OFF on input line 4513.
Package hyperref Info: Backreferencing OFF on input line 4518.
Package hyperref Info: Implicit mode ON; LaTeX internals redefined.
Package hyperref Info: Bookmarks ON on input line 4751.
\c@Hy@tempcnt=\count116

(C:\Users\Cal\AppData\Roaming\MiKTeX\2.9\tex\latex\url\url.sty
\Urlmuskip=\muskip11
Package: url 2013/09/16  ver 3.4  Verb mode for urls, etc.
)
LaTeX Info: Redefining \url on input line 5104.
\XeTeXLinkMargin=\dimen130
\Fld@menulength=\count117
\Field@Width=\dimen131
\Fld@charsize=\dimen132
Package hyperref Info: Hyper figures OFF on input line 6358.
Package hyperref Info: Link nesting OFF on input line 6363.
Package hyperref Info: Hyper index ON on input line 6366.
Package hyperref Info: backreferencing OFF on input line 6373.
Package hyperref Info: Link coloring OFF on input line 6378.
Package hyperref Info: Link coloring with OCG OFF on input line 6383.
Package hyperref Info: PDF/A mode OFF on input line 6388.
LaTeX Info: Redefining \ref on input line 6428.
LaTeX Info: Redefining \pageref on input line 6432.
\Hy@abspage=\count118
\c@Item=\count119
\c@Hfootnote=\count120
)

Package hyperref Message: Driver (autodetected): hpdftex.

("C:\Program Files\MiKTeX 2.9\tex\latex\hyperref\hpdftex.def"
File: hpdftex.def 2017/03/14 v6.85a Hyperref driver for pdfTeX
\Fld@listcount=\count121
\c@bookmark@seq@number=\count122

("C:\Program Files\MiKTeX 2.9\tex\latex\oberdiek\rerunfilecheck.sty"
Package: rerunfilecheck 2016/05/16 v1.8 Rerun checks for auxiliary files (HO)
Package uniquecounter Info: New unique counter `rerunfilecheck' on input line 2
82.
)
\Hy@SectionHShift=\skip50
)
(main.aux)
\openout1 = `main.aux'.

LaTeX Font Info:    Checking defaults for OML/cmm/m/it on input line 19.
LaTeX Font Info:    ... okay on input line 19.
LaTeX Font Info:    Checking defaults for T1/cmr/m/n on input line 19.
LaTeX Font Info:    ... okay on input line 19.
LaTeX Font Info:    Checking defaults for OT1/cmr/m/n on input line 19.
LaTeX Font Info:    ... okay on input line 19.
LaTeX Font Info:    Checking defaults for OMS/cmsy/m/n on input line 19.
LaTeX Font Info:    ... okay on input line 19.
LaTeX Font Info:    Checking defaults for OMX/cmex/m/n on input line 19.
LaTeX Font Info:    ... okay on input line 19.
LaTeX Font Info:    Checking defaults for U/cmr/m/n on input line 19.
LaTeX Font Info:    ... okay on input line 19.
LaTeX Font Info:    Checking defaults for TS1/cmr/m/n on input line 19.
LaTeX Font Info:    Try loading font information for TS1+cmr on input line 19.
 ("C:\Program Files\MiKTeX 2.9\tex\latex\base\ts1cmr.fd"
File: ts1cmr.fd 2014/09/29 v2.5h Standard LaTeX font definitions
)
LaTeX Font Info:    ... okay on input line 19.
LaTeX Font Info:    Checking defaults for PD1/pdf/m/n on input line 19.
LaTeX Font Info:    ... okay on input line 19.
LaTeX Font Info:    Try loading font information for T1+ptm on input line 19.

("C:\Program Files\MiKTeX 2.9\tex\latex\psnfss\t1ptm.fd"
File: t1ptm.fd 2001/06/04 font definitions for T1/ptm.
)
(C:\Users\Cal\AppData\Roaming\MiKTeX\2.9\tex\context\base\supp-pdf.mkii
[Loading MPS to PDF converter (version 2006.09.02).]
\scratchcounter=\count123
\scratchdimen=\dimen133
\scratchbox=\box30
\nofMPsegments=\count124
\nofMParguments=\count125
\everyMPshowfont=\toks26
\MPscratchCnt=\count126
\MPscratchDim=\dimen134
\MPnumerator=\count127
\makeMPintoPDFobject=\count128
\everyMPtoPDFconversion=\toks27
) ("C:\Program Files\MiKTeX 2.9\tex\latex\oberdiek\epstopdf-base.sty"
Package: epstopdf-base 2016/05/15 v2.6 Base part for package epstopdf

("C:\Program Files\MiKTeX 2.9\tex\latex\oberdiek\grfext.sty"
Package: grfext 2016/05/16 v1.2 Manage graphics extensions (HO)
)
Package epstopdf-base Info: Redefining graphics rule for `.eps' on input line 4
38.
Package grfext Info: Graphics extension search list:
(grfext)             [.pdf,.png,.jpg,.mps,.jpeg,.jbig2,.jb2,.PDF,.PNG,.JPG,.JPE
G,.JBIG2,.JB2,.eps]
(grfext)             \AppendGraphicsExtensions on input line 456.
)
Package caption Info: Begin \AtBeginDocument code.
Package caption Info: hyperref package is loaded.
Package caption Info: End \AtBeginDocument code.

(C:\Users\Cal\AppData\Roaming\MiKTeX\2.9\tex\latex\upquote\upquote.sty
Package: upquote 2012/04/19 v1.3 upright-quote and grave-accent glyphs in verba
tim
)
*geometry* driver: auto-detecting
*geometry* detected driver: pdftex
*geometry* verbose mode - [ preamble ] result:
* driver: pdftex
* paper: a4paper
* layout: <same size as paper>
* layoutoffset:(h,v)=(0.0pt,0.0pt)
* modes: 
* h-part:(L,W,R)=(71.13188pt, 455.24411pt, 71.13188pt)
* v-part:(T,H,B)=(71.13188pt, 688.5567pt, 85.35826pt)
* \paperwidth=597.50787pt
* \paperheight=845.04684pt
* \textwidth=455.24411pt
* \textheight=688.5567pt
* \oddsidemargin=-1.1381pt
* \evensidemargin=-1.1381pt
* \topmargin=-38.1381pt
* \headheight=12.0pt
* \headsep=25.0pt
* \topskip=12.0pt
* \footskip=30.0pt
* \marginparwidth=35.0pt
* \marginparsep=10.0pt
* \columnsep=10.0pt
* \skip\footins=10.8pt plus 4.0pt minus 2.0pt
* \hoffset=0.0pt
* \voffset=0.0pt
* \mag=1000
* \@twocolumnfalse
* \@twosidefalse
* \@mparswitchfalse
* \@reversemarginfalse
* (1in=72.27pt=25.4mm, 1cm=28.453pt)

\AtBeginShipoutBox=\box31
Package hyperref Info: Link coloring OFF on input line 19.
("C:\Program Files\MiKTeX 2.9\tex\latex\hyperref\nameref.sty"
Package: nameref 2016/05/21 v2.44 Cross-referencing by name of section

("C:\Program Files\MiKTeX 2.9\tex\generic\oberdiek\gettitlestring.sty"
Package: gettitlestring 2016/05/16 v1.5 Cleanup title references (HO)
)
\c@section@level=\count129
)
LaTeX Info: Redefining \ref on input line 19.
LaTeX Info: Redefining \pageref on input line 19.
LaTeX Info: Redefining \nameref on input line 19.

(main.out) (main.out)
\@outlinefile=\write3
\openout3 = `main.out'.

LaTeX Font Info:    Try loading font information for T1+phv on input line 28.
 ("C:\Program Files\MiKTeX 2.9\tex\latex\psnfss\t1phv.fd"
File: t1phv.fd 2001/06/04 scalable font definitions for T1/phv.
)
<Stats_Logo.png, id=107, 238.9728pt x 87.2058pt>
File: Stats_Logo.png Graphic file (type png)
<use Stats_Logo.png>
Package pdftex.def Info: Stats_Logo.png  used on input line 32. on input line 3
2.
Package pdftex.def Info: Requested size: 191.17848pt x 69.76471pt on input line
 32.
[1

{C:/Users/Cal/AppData/Local/MiKTeX/2.9/pdftex/config/pdftex.map} <./Stats_Logo.
png>]pdfTeX warning (ext4): destination with the same identifier (name{page.}) 
has been already used, duplicate ignored
<to be read again> 
                   \relax 
l.59 \clearpage
                [1

]
LaTeX Font Info:    Font shape `T1/ptm/bx/n' in size <10.95> not available
(Font)              Font shape `T1/ptm/b/n' tried instead on input line 60.


Package natbib Warning: Citation `Finke' on page  undefined on input line 63.


Package natbib Warning: Citation `Finke' on page  undefined on input line 63.

pdfTeX warning (ext4): destination with the same identifier (name{page.}) has b
een already used, duplicate ignored
<to be read again> 
                   \relax 
l.66 \clearpage
                [2

]
LaTeX Font Info:    Font shape `T1/ptm/bx/n' in size <12> not available
(Font)              Font shape `T1/ptm/b/n' tried instead on input line 70.
pdfTeX warning (ext4): destination with the same identifier (name{page.}) has b
een already used, duplicate ignored
<to be read again> 
                   \relax 
l.75 \clearpage
                [3

]
LaTeX Font Info:    Font shape `T1/ptm/bx/n' in size <17.28> not available
(Font)              Font shape `T1/ptm/b/n' tried instead on input line 78.
 (main.toc
LaTeX Font Info:    Try loading font information for U+msa on input line 3.

("C:\Program Files\MiKTeX 2.9\tex\latex\amsfonts\umsa.fd"
File: umsa.fd 2013/01/14 v3.01 AMS symbols A
)
LaTeX Font Info:    Try loading font information for U+msb on input line 3.

("C:\Program Files\MiKTeX 2.9\tex\latex\amsfonts\umsb.fd"
File: umsb.fd 2013/01/14 v3.01 AMS symbols B
)
LaTeX Font Info:    Font shape `T1/ptm/bx/it' in size <12> not available
(Font)              Font shape `T1/ptm/b/it' tried instead on input line 13.
)
\tf@toc=\write4
\openout4 = `main.toc'.

 (main.loa)
\tf@loa=\write5
\openout5 = `main.loa'.


(main.lofpdfTeX warning (ext4): destination with the same identifier (name{page
.}) has been already used, duplicate ignored
<to be read again> 
                   \relax 
l.3 ...eter values.\relax }}{8}{figure.caption.11}
                                                   [4

]pdfTeX warning (ext4): destination with the same identifier (name{page.}) has 
been already used, duplicate ignored
<to be read again> 
                   \relax 
l.20 ...rlo output\relax }}{31}{figure.caption.35}
                                                   [5])
\tf@lof=\write6
\openout6 = `main.lof'.

 (main.lot)
\tf@lot=\write7
\openout7 = `main.lot'.

pdfTeX warning (ext4): destination with the same identifier (name{page.}) has b
een already used, duplicate ignored
<to be read again> 
                   \relax 
l.84 \clearpage
                [6]

Package natbib Warning: Citation `MatrixProjection' on page 1 undefined on inpu
t line 90.


Package natbib Warning: Citation `Leslie' on page 1 undefined on input line 90.



Underfull \hbox (badness 10000) in paragraph at lines 90--91

 []


Package natbib Warning: Citation `Ellner' on page 1 undefined on input line 92.



Underfull \hbox (badness 10000) in paragraph at lines 92--93

 []


Underfull \hbox (badness 10000) in paragraph at lines 94--95

 []


Package natbib Warning: Citation `Ellner' on page 1 undefined on input line 96.



Package natbib Warning: Citation `Ellner' on page 1 undefined on input line 102
.

[1

]
Underfull \hbox (badness 10000) in paragraph at lines 109--110

 []


Package natbib Warning: Citation `Snakes' on page 2 undefined on input line 112
.


Package natbib Warning: Citation `ThreatenedHerb' on page 2 undefined on input 
line 112.


Package natbib Warning: Citation `Struck' on page 2 undefined on input line 112
.


Package natbib Warning: Citation `NichePlants' on page 2 undefined on input lin
e 112.


Package natbib Warning: Citation `Quintana' on page 2 undefined on input line 1
12.


Package natbib Warning: Citation `BayesIPM' on page 2 undefined on input line 1
12.


Underfull \hbox (badness 10000) in paragraph at lines 112--113

 []

[2]
LaTeX Font Info:    Font shape `T1/ptm/bx/n' in size <14.4> not available
(Font)              Font shape `T1/ptm/b/n' tried instead on input line 119.

Underfull \hbox (badness 10000) in paragraph at lines 120--121

 []

[3]
Underfull \hbox (badness 10000) in paragraph at lines 171--172

 []

[4]
Overfull \hbox (1.3972pt too wide) detected at line 207
[]\OMS/cmsy/m/n/12 L[]\OT1/cmr/m/n/12 ([]\OMS/cmsy/m/n/12 j[]\OML/cmm/m/it/12 ;
 \OT1/cmr/m/n/12 ) = [] [] [][]
 []


Package natbib Warning: Citation `Ellner' on page 5 undefined on input line 218
.


Package natbib Warning: Citation `Ellner' on page 5 undefined on input line 218
.


Package natbib Warning: Citation `Snakes' on page 5 undefined on input line 218
.


Package natbib Warning: Citation `ThreatenedHerb' on page 5 undefined on input 
line 218.


Package natbib Warning: Citation `Struck' on page 5 undefined on input line 218
.


Package natbib Warning: Citation `NichePlants' on page 5 undefined on input lin
e 218.


Package natbib Warning: Citation `Quintana' on page 5 undefined on input line 2
18.


Underfull \hbox (badness 10000) in paragraph at lines 218--219

 []


Package natbib Warning: Citation `Ellner' on page 5 undefined on input line 221
.


Underfull \hbox (badness 10000) in paragraph at lines 221--222

 []

<UngulateReprIPM.pdf, id=332, pagebox=cropbox, 558.085pt x 311.1625pt>
File: UngulateReprIPM.pdf Graphic file (type pdf)
<use UngulateReprIPM.pdf>
Package pdftex.def Info: UngulateReprIPM.pdf  used on input line 225. on input 
line 225.
Package pdftex.def Info: Requested size: 474.3745pt x 264.48938pt on input line
 225.

Overfull \hbox (19.13039pt too wide) in paragraph at lines 225--226
 [] 
 []

[5]
<UngulateSurvIPM.pdf, id=339, pagebox=cropbox, 558.085pt x 311.1625pt>
File: UngulateSurvIPM.pdf Graphic file (type pdf)
<use UngulateSurvIPM.pdf>
Package pdftex.def Info: UngulateSurvIPM.pdf  used on input line 232. on input 
line 232.
Package pdftex.def Info: Requested size: 474.3745pt x 264.48938pt on input line
 232.

Overfull \hbox (19.13039pt too wide) in paragraph at lines 232--233
 [][] 
 []


Underfull \hbox (badness 10000) in paragraph at lines 236--237

 []

[6 <./UngulateReprIPM.pdf> <./UngulateSurvIPM.pdf>]
Underfull \hbox (badness 10000) in paragraph at lines 238--239

 []


Package natbib Warning: Citation `ellner2006' on page 7 undefined on input line
 277.


Package natbib Warning: Citation `ellner2006' on page 7 undefined on input line
 277.


Package natbib Warning: Citation `Leslie' on page 7 undefined on input line 277
.


Underfull \hbox (badness 10000) in paragraph at lines 277--278

 []

[7]
Underfull \hbox (badness 10000) in paragraph at lines 279--280

 []


Underfull \hbox (badness 10000) in paragraph at lines 281--282

 []

<ungulateEstKern.jpg, id=375, 495.8525pt x 515.9275pt>
File: ungulateEstKern.jpg Graphic file (type jpg)
<use ungulateEstKern.jpg>
Package pdftex.def Info: ungulateEstKern.jpg  used on input line 285. on input 
line 285.
Package pdftex.def Info: Requested size: 238.99765pt x 248.67368pt on input lin
e 285.
<ungulateTrueKern.jpg, id=376, 495.8525pt x 515.9275pt>
File: ungulateTrueKern.jpg Graphic file (type jpg)
<use ungulateTrueKern.jpg>
Package pdftex.def Info: ungulateTrueKern.jpg  used on input line 291. on input
 line 291.
Package pdftex.def Info: Requested size: 238.99765pt x 248.67368pt on input lin
e 291.
<growthRateMesh.pdf, id=377, pagebox=cropbox, 534.99875pt x 239.89626pt>
File: growthRateMesh.pdf Graphic file (type pdf)
<use growthRateMesh.pdf>
Package pdftex.def Info: growthRateMesh.pdf  used on input line 299. on input l
ine 299.
Package pdftex.def Info: Requested size: 481.49442pt x 215.90462pt on input lin
e 299.

Overfull \hbox (26.2503pt too wide) in paragraph at lines 299--300
 [][] 
 []

[8 <./ungulateEstKern.jpg>] [9 <./ungulateTrueKern.jpg> <./growthRateMesh.pdf>]

Package natbib Warning: Citation `gimenezRisk' on page 10 undefined on input li
ne 308.


Package natbib Warning: Citation `gimenezHPM' on page 10 undefined on input lin
e 308.


Package natbib Warning: Citation `JAGS' on page 10 undefined on input line 308.



Package natbib Warning: Citation `BUGS' on page 10 undefined on input line 308.



Package natbib Warning: Citation `Finke' on page 10 undefined on input line 308
.


Underfull \hbox (badness 10000) in paragraph at lines 308--309

 []


Package natbib Warning: Citation `Finke' on page 10 undefined on input line 310
.


Underfull \hbox (badness 10000) in paragraph at lines 310--311

 []


Underfull \hbox (badness 10000) in paragraph at lines 312--313

 []


Underfull \hbox (badness 10000) in paragraph at lines 318--319

 []

[10]
<sizeClasses.pdf, id=395, pagebox=cropbox, 645.41125pt x 300.12125pt>
File: sizeClasses.pdf Graphic file (type pdf)
<use sizeClasses.pdf>
Package pdftex.def Info: sizeClasses.pdf  used on input line 322. on input line
 322.
Package pdftex.def Info: Requested size: 484.05725pt x 225.09038pt on input lin
e 322.

Overfull \hbox (28.81314pt too wide) in paragraph at lines 322--323
 [][] 
 []


Underfull \hbox (badness 10000) in paragraph at lines 326--327

 []

<shiftCorrect.pdf, id=397, pagebox=cropbox, 645.41125pt x 300.12125pt>
File: shiftCorrect.pdf Graphic file (type pdf)
<use shiftCorrect.pdf>
Package pdftex.def Info: shiftCorrect.pdf  used on input line 330. on input lin
e 330.
Package pdftex.def Info: Requested size: 484.05725pt x 225.09038pt on input lin
e 330.

Overfull \hbox (28.81314pt too wide) in paragraph at lines 330--331
 [][] 
 []

[11 <./sizeClasses.pdf>]
<shiftIncorrect.pdf, id=409, pagebox=cropbox, 645.41125pt x 300.12125pt>
File: shiftIncorrect.pdf Graphic file (type pdf)
<use shiftIncorrect.pdf>
Package pdftex.def Info: shiftIncorrect.pdf  used on input line 336. on input l
ine 336.
Package pdftex.def Info: Requested size: 484.05725pt x 225.09038pt on input lin
e 336.

Overfull \hbox (28.81314pt too wide) in paragraph at lines 336--337
 [][] 
 []


Underfull \hbox (badness 10000) in paragraph at lines 340--341

 []

[12 <./shiftCorrect.pdf> <./shiftIncorrect.pdf>]

Package amsmath Warning: Foreign command \atopwithdelims;
(amsmath)                \frac or \genfrac should be used instead
(amsmath)                 on input line 348.


Underfull \hbox (badness 10000) in paragraph at lines 351--352

 []


Package natbib Warning: Citation `Newman' on page 13 undefined on input line 35
3.


Package natbib Warning: Citation `KingBayesianPopEco' on page 13 undefined on i
nput line 353.


Package natbib Warning: Citation `DailMadsen' on page 13 undefined on input lin
e 353.


Package natbib Warning: Citation `Royle' on page 13 undefined on input line 353
.


Package natbib Warning: Citation `King2008' on page 13 undefined on input line 
353.


Package natbib Warning: Citation `Finke' on page 13 undefined on input line 353
.


Package natbib Warning: Citation `Finke' on page 13 undefined on input line 353
.


Package natbib Warning: Citation `Finke' on page 13 undefined on input line 353
.

[13]
Underfull \hbox (badness 10000) in paragraph at lines 365--366

 []


Package natbib Warning: Citation `Finke' on page 14 undefined on input line 376
.


Underfull \hbox (badness 10000) in paragraph at lines 376--377

 []

[14]
Package hyperref Info: bookmark level for unknown algorithm defaults to 0 on in
put line 385.


Package natbib Warning: Citation `DelMoral' on page 15 undefined on input line 
402.


Package natbib Warning: Citation `BootstrapPF' on page 15 undefined on input li
ne 402.


Package natbib Warning: Citation `Finke' on page 15 undefined on input line 402
.


Package natbib Warning: Citation `Overview' on page 15 undefined on input line 
402.


Package natbib Warning: Citation `Overview' on page 15 undefined on input line 
402.


Package natbib Warning: Citation `Doucet' on page 15 undefined on input line 40
2.


Package natbib Warning: Citation `Andrieu' on page 15 undefined on input line 4
02.


Underfull \hbox (badness 10000) in paragraph at lines 402--403

 []

[15]

Package natbib Warning: Citation `Overview' on page 16 undefined on input line 
407.


Package natbib Warning: Citation `RMFSB' on page 16 undefined on input line 407
.


Underfull \hbox (badness 10000) in paragraph at lines 407--408

 []

[16]
Underfull \hbox (badness 10000) in paragraph at lines 447--448

 []

[17]

Package natbib Warning: Citation `Hastings' on page 18 undefined on input line 
469.


Package natbib Warning: Citation `Finke' on page 18 undefined on input line 469
.


Underfull \hbox (badness 10000) in paragraph at lines 469--470

 []

[18]
LaTeX Font Info:    Font shape `T1/ptm/bx/it' in size <17.28> not available
(Font)              Font shape `T1/ptm/b/it' tried instead on input line 472.

Underfull \hbox (badness 10000) in paragraph at lines 477--478

 []


Underfull \hbox (badness 10000) in paragraph at lines 479--480

 []


Underfull \hbox (badness 10000) in paragraph at lines 481--482

 []

<simmedDataAllCensuses.pdf, id=518, pagebox=cropbox, 727.71875pt x 336.25626pt>

File: simmedDataAllCensuses.pdf Graphic file (type pdf)
<use simmedDataAllCensuses.pdf>
Package pdftex.def Info: simmedDataAllCensuses.pdf  used on input line 485. on 
input line 485.
Package pdftex.def Info: Requested size: 494.8422pt x 228.65123pt on input line
 485.

Overfull \hbox (39.59808pt too wide) in paragraph at lines 485--486
 [][] 
 []

[19] [20 <./simmedDataAllCensuses.pdf>]

Package natbib Warning: Citation `Newman' on page 21 undefined on input line 53
0.


Package natbib Warning: Citation `DoucetEfficient' on page 21 undefined on inpu
t line 530.

<particleNum.pdf, id=534, pagebox=cropbox, 505.89pt x 221.82875pt>
File: particleNum.pdf Graphic file (type pdf)
<use particleNum.pdf>
Package pdftex.def Info: particleNum.pdf  used on input line 548. on input line
 548.
Package pdftex.def Info: Requested size: 455.29678pt x 199.64401pt on input lin
e 548.
[21]
<ungData50.pdf, id=544, pagebox=cropbox, 727.71875pt x 336.25626pt>
File: ungData50.pdf Graphic file (type pdf)
<use ungData50.pdf>
Package pdftex.def Info: ungData50.pdf  used on input line 557. on input line 5
57.
Package pdftex.def Info: Requested size: 473.01158pt x 218.56396pt on input lin
e 557.

Overfull \hbox (17.76747pt too wide) in paragraph at lines 557--558
 [][] 
 []

<ungData49.pdf, id=547, pagebox=cropbox, 727.71875pt x 336.25626pt>
File: ungData49.pdf Graphic file (type pdf)
<use ungData49.pdf>
Package pdftex.def Info: ungData49.pdf  used on input line 563. on input line 5
63.
Package pdftex.def Info: Requested size: 473.01158pt x 218.56396pt on input lin
e 563.

Overfull \hbox (17.76747pt too wide) in paragraph at lines 563--564
 [][] 
 []

[22 <./particleNum.pdf> <./ungData50.pdf>]
Underfull \hbox (badness 10000) in paragraph at lines 569--570

 []

[23 <./ungData49.pdf>]

Package natbib Warning: Citation `GRTest' on page 24 undefined on input line 60
2.

<chainFirst3_1.PDF, id=583, pagebox=cropbox, 539.01375pt x 380.42125pt>
File: chainFirst3_1.PDF Graphic file (type pdf)
<use chainFirst3_1.PDF>
Package pdftex.def Info: chainFirst3_1.PDF  used on input line 606. on input li
ne 606.
Package pdftex.def Info: Requested size: 404.25931pt x 285.31522pt on input lin
e 606.
[24]
<chainFirst3_2.PDF, id=589, pagebox=cropbox, 539.01375pt x 380.42125pt>
File: chainFirst3_2.PDF Graphic file (type pdf)
<use chainFirst3_2.PDF>
Package pdftex.def Info: chainFirst3_2.PDF  used on input line 612. on input li
ne 612.
Package pdftex.def Info: Requested size: 404.25931pt x 285.31522pt on input lin
e 612.
<GRFirst2.pdf, id=590, pagebox=cropbox, 436.63126pt x 262.9825pt>
File: GRFirst2.pdf Graphic file (type pdf)
<use GRFirst2.pdf>
Package pdftex.def Info: GRFirst2.pdf  used on input line 618. on input line 61
8.
Package pdftex.def Info: Requested size: 392.9645pt x 236.68205pt on input line
 618.
 [25 <./chainFirst3_1.PDF> <./chainFirst3_2.PDF>] [26 <./GRFirst2.pdf>]
<chain1partialMarg.PDF, id=615, pagebox=cropbox, 578.16pt x 578.16pt>
File: chain1partialMarg.PDF Graphic file (type pdf)
<use chain1partialMarg.PDF>
Package pdftex.def Info: chain1partialMarg.PDF  used on input line 660. on inpu
t line 660.
Package pdftex.def Info: Requested size: 445.18457pt x 445.18457pt on input lin
e 660.

[27 <./chain1partialMarg.PDF>]

Package natbib Warning: Citation `Coulson2012' on page 28 undefined on input li
ne 668.

<dataTimeSeries.pdf, id=629, pagebox=cropbox, 575.14874pt x 328.22626pt>
File: dataTimeSeries.pdf Graphic file (type pdf)
<use dataTimeSeries.pdf>
Package pdftex.def Info: dataTimeSeries.pdf  used on input line 672. on input l
ine 672.
Package pdftex.def Info: Requested size: 460.11961pt x 262.58136pt on input lin
e 672.

Overfull \hbox (4.8755pt too wide) in paragraph at lines 672--673
 [][] 
 []

<captureProb.pdf, id=631, pagebox=cropbox, 575.14874pt x 328.22626pt>
File: captureProb.pdf Graphic file (type pdf)
<use captureProb.pdf>
Package pdftex.def Info: captureProb.pdf  used on input line 680. on input line
 680.
Package pdftex.def Info: Requested size: 460.11961pt x 262.58136pt on input lin
e 680.

Overfull \hbox (4.8755pt too wide) in paragraph at lines 680--681
 [][] 
 []

[28 <./dataTimeSeries.pdf>] [29 <./captureProb.pdf>]
<chainFirst2_2.PDF, id=651, pagebox=cropbox, 719.68875pt x 380.42125pt>
File: chainFirst2_2.PDF Graphic file (type pdf)
<use chainFirst2_2.PDF>
Package pdftex.def Info: chainFirst2_2.PDF  used on input line 697. on input li
ne 697.
Package pdftex.def Info: Requested size: 395.83003pt x 209.23232pt on input lin
e 697.
<chainFirst2_1.PDF, id=652, pagebox=cropbox, 719.68875pt x 380.42125pt>
File: chainFirst2_1.PDF Graphic file (type pdf)
<use chainFirst2_1.PDF>
Package pdftex.def Info: chainFirst2_1.PDF  used on input line 703. on input li
ne 703.
Package pdftex.def Info: Requested size: 431.81659pt x 228.2545pt on input line
 703.
 [30 <./chainFirst2_2.PDF>]
<GrFirst2.pdf, id=663, pagebox=cropbox, 436.63126pt x 262.9825pt>
File: GrFirst2.pdf Graphic file (type pdf)
<use GrFirst2.pdf>
Package pdftex.def Info: GrFirst2.pdf  used on input line 709. on input line 70
9.
Package pdftex.def Info: Requested size: 305.63979pt x 184.08649pt on input lin
e 709.
[31 <./chainFirst2_1.PDF> <./GrFirst2.pdf>] [32]

Package natbib Warning: Citation `BayesIPM' on page 33 undefined on input line 
720.


Package natbib Warning: Citation `Coulson2012' on page 33 undefined on input li
ne 720.


Package natbib Warning: Citation `Coulson2012' on page 33 undefined on input li
ne 720.


Package natbib Warning: Citation `Coulson2012' on page 33 undefined on input li
ne 720.


Package natbib Warning: Citation `Coulson2012' on page 33 undefined on input li
ne 728.

[33]

Package natbib Warning: Citation `Lee' on page 34 undefined on input line 734.


Package natbib Warning: Citation `MassivelyParallel' on page 34 undefined on in
put line 734.


Package natbib Warning: Citation `GPUHMC' on page 34 undefined on input line 73
4.

[34] [35]
No file main.bbl.

Package natbib Warning: There were undefined citations.

Package atveryend Info: Empty hook `BeforeClearDocument' on input line 749.
Package atveryend Info: Empty hook `AfterLastShipout' on input line 749.
(main.aux)
Package atveryend Info: Executing hook `AtVeryEndDocument' on input line 749.
Package atveryend Info: Executing hook `AtEndAfterFileList' on input line 749.
Package rerunfilecheck Info: File `main.out' has not changed.
(rerunfilecheck)             Checksum: 58F2E041EB9A4698777F1932A30FA2A8;1883.
Package atveryend Info: Empty hook `AtVeryVeryEnd' on input line 749.
 ) 
Here is how much of TeX's memory you used:
 9904 strings out of 493312
 144468 string characters out of 3138905
 249731 words of memory out of 3000000
 13104 multiletter control sequences out of 15000+200000
 68543 words of font info for 93 fonts, out of 3000000 for 9000
 1141 hyphenation exceptions out of 8191
 36i,11n,77p,2157b,738s stack positions out of 5000i,500n,10000p,200000b,50000s
{C:/Program Files/MiKTeX 2.9/fonts/enc/dvips/base/8r.enc}<C:/Program Files/Mi
KTeX 2.9/fonts/type1/public/amsfonts/cm/cmbsy10.pfb><C:/Program Files/MiKTeX 2.
9/fonts/type1/public/amsfonts/cm/cmbx12.pfb><C:/Program Files/MiKTeX 2.9/fonts/
type1/public/amsfonts/cm/cmex10.pfb><C:/Program Files/MiKTeX 2.9/fonts/type1/pu
blic/amsfonts/cmextra/cmex8.pfb><C:/Program Files/MiKTeX 2.9/fonts/type1/public
/amsfonts/cm/cmmi10.pfb><C:/Program Files/MiKTeX 2.9/fonts/type1/public/amsfont
s/cm/cmmi12.pfb><C:/Program Files/MiKTeX 2.9/fonts/type1/public/amsfonts/cm/cmm
i6.pfb><C:/Program Files/MiKTeX 2.9/fonts/type1/public/amsfonts/cm/cmmi8.pfb><C
:/Program Files/MiKTeX 2.9/fonts/type1/public/amsfonts/cm/cmmib10.pfb><C:/Progr
am Files/MiKTeX 2.9/fonts/type1/public/amsfonts/cmextra/cmmib6.pfb><C:/Program 
Files/MiKTeX 2.9/fonts/type1/public/amsfonts/cmextra/cmmib8.pfb><C:/Program Fil
es/MiKTeX 2.9/fonts/type1/public/amsfonts/cm/cmr10.pfb><C:/Program Files/MiKTeX
 2.9/fonts/type1/public/amsfonts/cm/cmr12.pfb><C:/Program Files/MiKTeX 2.9/font
s/type1/public/amsfonts/cm/cmr17.pfb><C:/Program Files/MiKTeX 2.9/fonts/type1/p
ublic/amsfonts/cm/cmr6.pfb><C:/Program Files/MiKTeX 2.9/fonts/type1/public/amsf
onts/cm/cmr8.pfb><C:/Program Files/MiKTeX 2.9/fonts/type1/public/amsfonts/cm/cm
sy10.pfb><C:/Program Files/MiKTeX 2.9/fonts/type1/public/amsfonts/cm/cmsy6.pfb>
<C:/Program Files/MiKTeX 2.9/fonts/type1/public/amsfonts/cm/cmsy8.pfb><C:/Progr
am Files/MiKTeX 2.9/fonts/type1/urw/helvetic/uhvr8a.pfb><C:/Program Files/MiKTe
X 2.9/fonts/type1/urw/times/utmb8a.pfb><C:/Program Files/MiKTeX 2.9/fonts/type1
/urw/times/utmbi8a.pfb><C:/Program Files/MiKTeX 2.9/fonts/type1/urw/times/utmr8
a.pfb><C:/Program Files/MiKTeX 2.9/fonts/type1/urw/times/utmri8a.pfb>
Output written on main.pdf (42 pages, 3291941 bytes).
PDF statistics:
 806 PDF objects out of 1000 (max. 8388607)
 148 named destinations out of 1000 (max. 500000)
 319 words of extra memory for PDF output out of 10000 (max. 10000000)

